SF:lib/core/utils/validators.dart
DA:2,0
DA:3,0
DA:8,0
DA:9,0
DA:16,0
DA:17,0
DA:21,0
DA:25,0
DA:33,0
DA:34,0
DA:38,0
DA:42,0
DA:46,0
DA:50,0
DA:54,0
DA:62,0
DA:63,0
DA:67,0
DA:75,1
DA:76,1
DA:80,2
DA:84,2
DA:92,1
DA:93,1
DA:94,0
DA:100,1
DA:101,1
DA:105,1
DA:106,3
DA:114,1
DA:115,1
DA:119,2
DA:120,0
DA:123,2
LF:34
LH:14
end_of_record
SF:lib/service/firebase_service.dart
DA:10,0
DA:11,3
DA:14,0
DA:17,0
DA:20,0
DA:23,0
DA:24,0
DA:26,0
DA:27,0
DA:33,0
DA:39,0
DA:43,0
DA:44,0
DA:45,0
DA:50,0
DA:51,0
DA:53,0
DA:54,0
DA:59,1
DA:65,2
DA:67,1
DA:68,0
DA:69,0
DA:70,0
DA:71,0
DA:72,0
DA:73,0
DA:74,0
DA:75,0
DA:77,0
DA:78,0
DA:82,0
DA:83,0
DA:84,0
DA:86,0
DA:87,0
DA:92,0
DA:93,0
DA:96,2
DA:102,0
DA:108,0
DA:114,0
DA:119,0
DA:124,0
DA:126,0
DA:132,0
DA:133,0
DA:139,0
DA:145,0
DA:147,0
DA:148,0
DA:149,0
DA:151,0
DA:152,0
DA:157,0
DA:162,0
DA:163,0
DA:164,0
DA:166,0
DA:171,0
DA:172,0
DA:174,0
DA:175,0
DA:176,0
DA:177,0
DA:179,0
DA:180,0
DA:181,0
DA:186,0
DA:191,0
DA:199,0
DA:201,0
DA:202,0
DA:203,0
DA:210,0
DA:211,0
DA:216,0
DA:218,0
DA:219,0
DA:225,0
DA:231,0
DA:233,0
DA:234,0
DA:239,0
DA:242,0
DA:243,0
DA:244,0
DA:247,0
DA:248,0
DA:254,0
DA:260,0
DA:262,0
DA:263,0
DA:266,0
DA:271,0
DA:276,0
DA:282,0
DA:283,0
DA:288,0
DA:295,0
DA:301,0
DA:307,0
DA:309,0
DA:311,0
DA:312,0
DA:316,0
DA:318,0
DA:321,0
DA:324,0
DA:326,0
DA:329,0
DA:332,0
DA:333,0
DA:334,0
DA:338,0
DA:340,0
DA:343,0
DA:345,0
DA:346,0
DA:347,0
DA:348,0
DA:352,0
DA:353,0
DA:354,0
DA:359,0
DA:360,0
DA:361,0
DA:363,0
DA:364,0
DA:369,0
DA:370,0
DA:374,0
DA:376,0
DA:377,0
DA:378,0
DA:383,0
DA:385,0
DA:386,0
DA:387,0
DA:392,0
DA:393,0
DA:397,0
DA:403,0
DA:408,0
DA:409,0
DA:412,0
DA:414,0
DA:415,0
DA:420,0
DA:422,0
DA:423,0
DA:424,0
DA:428,0
DA:433,0
DA:438,0
DA:440,0
DA:443,0
DA:448,0
DA:453,0
DA:455,0
DA:458,0
DA:462,0
DA:464,0
DA:466,0
DA:468,0
DA:471,0
DA:476,0
DA:479,1
DA:480,1
DA:481,1
DA:483,1
DA:485,1
DA:487,1
DA:489,1
DA:491,1
DA:493,1
DA:495,1
DA:497,1
DA:499,1
DA:501,1
DA:504,1
DA:508,0
DA:509,0
DA:511,0
DA:516,0
DA:518,0
DA:522,0
DA:528,0
DA:530,0
DA:534,0
DA:539,0
DA:541,0
DA:545,0
DA:547,0
DA:550,0
DA:552,0
DA:555,0
DA:559,0
DA:562,0
DA:566,0
DA:569,0
DA:574,0
DA:575,0
DA:576,0
DA:577,0
DA:580,0
DA:585,0
DA:586,0
DA:587,0
DA:588,0
DA:591,0
DA:602,0
DA:603,0
DA:604,0
DA:605,0
DA:606,0
DA:607,0
DA:608,0
DA:609,0
DA:611,0
DA:612,0
DA:613,0
DA:614,0
DA:615,0
DA:616,0
DA:617,0
DA:619,0
DA:620,0
DA:621,0
DA:622,0
DA:623,0
DA:624,0
DA:626,0
DA:627,0
DA:628,0
DA:629,0
DA:630,0
LF:237
LH:19
end_of_record
SF:lib/models/user_model.dart
DA:15,0
DA:28,0
DA:36,0
DA:37,0
DA:49,0
DA:50,0
DA:51,0
DA:52,0
DA:53,0
DA:54,0
DA:55,0
DA:56,0
DA:57,0
DA:58,0
DA:59,0
DA:60,0
DA:61,0
DA:62,0
DA:63,0
DA:64,0
DA:66,0
DA:71,0
DA:72,0
DA:73,0
DA:74,0
DA:75,0
DA:76,0
DA:77,0
DA:78,0
DA:79,0
DA:80,0
DA:81,0
DA:82,0
DA:87,0
DA:99,0
DA:100,0
DA:101,0
DA:102,0
DA:103,0
DA:104,0
DA:105,0
DA:106,0
DA:107,0
DA:108,0
DA:109,0
DA:114,0
DA:115,0
DA:116,0
DA:120,0
DA:121,0
DA:122,0
DA:123,0
DA:124,0
DA:125,0
DA:127,0
DA:131,0
DA:132,0
DA:136,0
DA:139,0
DA:140,0
DA:143,0
DA:145,0
DA:148,0
DA:151,0
DA:152,0
DA:153,0
DA:154,0
DA:155,0
DA:156,0
DA:157,0
DA:160,0
DA:162,0
DA:163,0
DA:164,0
DA:165,0
DA:166,0
DA:167,0
LF:77
LH:0
end_of_record
SF:lib/core/utils/email_sender.dart
DA:8,0
DA:15,0
DA:18,0
DA:19,0
DA:20,0
DA:21,0
DA:22,0
DA:25,0
DA:26,0
DA:28,0
DA:29,0
DA:33,0
DA:34,0
DA:39,0
DA:70,0
LF:15
LH:0
end_of_record
